<?xml version="1.0" encoding="UTF-8"?>
<!-- Generated by org.testng.reporters.JUnitXMLReporter -->
<testsuite ignored="0" hostname="DESKTOP-GJJ9NOE" failures="1" tests="12" name="Regression" time="0.079" errors="0" timestamp="2022-10-31T15:35:46 IST">
  <testcase classname="General.Day1" name="Demo" time="0.005"/>
  <testcase classname="General.Day1" name="LoginPositive" time="0.001"/>
  <testcase classname="General.Day1" name="LoginNegative" time="0.001"/>
  <testcase classname="General.Day2" name="HomePage" time="0.001"/>
  <testcase classname="General.Day2" name="HomePagePositive" time="0.004">
    <failure type="java.lang.AssertionError" message="expected [true] but found [false]">
      <![CDATA[java.lang.AssertionError: expected [true] but found [false]
at General.Day2.HomePagePositive(Day2.java:20)
at java.base/java.util.ArrayList.forEach(ArrayList.java:1511)
... Removed 31 stack frames]]>
    </failure>
  </testcase> <!-- HomePagePositive -->
  <testcase classname="General.Day2" name="PersonalLoan" time="0.001"/>
  <testcase classname="General.Day3" name="HomeLoan" time="0.001"/>
  <testcase classname="General.Day3" name="HomeLoan" time="0.002"/>
  <testcase classname="General.Day3" name="HomeLoan" time="0.001"/>
  <testcase classname="General.Day3" name="MobileHomeLoan" time="0.001"/>
  <testcase classname="General.Day4" name="carLoanAccept" time="0.001"/>
  <testcase classname="General.Day4" name="carLoanReject" time="0.001"/>
</testsuite> <!-- Regression -->
